<?xml version="1.0" encoding="UTF-8"?>
<!-- Generated by org.testng.reporters.JUnitXMLReporter -->
<testsuite hostname="DESKTOP-VDML5CQ" ignored="0" name="Smoke Test" tests="3" failures="1" timestamp="2020-02-07T16:14:27 IST" time="70.786" errors="0">
  <testcase name="tesValidlogin" time="5.209" classname="scripts.ValidLogin_Test"/>
  <testcase name="testInvalidLogin" time="17.772" classname="scripts.InValidLogin_Test"/>
  <testcase name="testProductVerson" time="8.798" classname="scripts.VerifyProductVersion_Test">
    <failure type="java.lang.AssertionError" message="expected [actiTIME 2017.9] but found [actiTIME 2017.4]">
      <![CDATA[java.lang.AssertionError: expected [actiTIME 2017.9] but found [actiTIME 2017.4]
at pages.EnterPage.verifyProductVersion(EnterPage.java:42)
at scripts.VerifyProductVersion_Test.testProductVerson(VerifyProductVersion_Test.java:32)
at java.util.ArrayList.forEach(ArrayList.java:1257)
... Removed 32 stack frames]]>
    </failure>
  </testcase> <!-- testProductVerson -->
</testsuite> <!-- Smoke Test -->
